# JRE version: OpenJDK Runtime Environment (8.0_242-b01) (build 1.8.0_242-release-1644-b01)
# Java VM: OpenJDK 64-Bit Server VM (25.242-b01 mixed mode windows-amd64 compressed oops)
Heap:
 PSYoungGen      total 514560K, used 348302K [0x00000000d5580000, 0x0000000100000000, 0x0000000100000000)
  eden space 347648K, 72% used [0x00000000d5580000,0x00000000e4aa2fc8,0x00000000ea900000)
  from space 166912K, 58% used [0x00000000ea900000,0x00000000f0800888,0x00000000f4c00000)
  to   space 167936K, 0% used [0x00000000f5c00000,0x00000000f5c00000,0x0000000100000000)
 ParOldGen       total 338432K, used 179468K [0x0000000080000000, 0x0000000094a80000, 0x00000000d5580000)
  object space 338432K, 53% used [0x0000000080000000,0x000000008af43120,0x0000000094a80000)
 Metaspace       used 124948K, capacity 130668K, committed 130712K, reserved 1163264K
  class space    used 15688K, capacity 16787K, committed 16816K, reserved 1048576K
GC Heap History (10 events):
Event: 478.233 GC heap before
{Heap before GC invocations=29 (full 4):
 PSYoungGen      total 409600K, used 366883K [0x00000000d5580000, 0x00000000f5200000, 0x0000000100000000)
  eden space 304640K, 100% used [0x00000000d5580000,0x00000000e7f00000,0x00000000e7f00000)
  from space 104960K, 59% used [0x00000000ee680000,0x00000000f2348c28,0x00000000f4d00000)
  to   space 105984K, 0% used [0x00000000e7f00000,0x00000000e7f00000,0x00000000ee680000)
 ParOldGen       total 338432K, used 148883K [0x0000000080000000, 0x0000000094a80000, 0x00000000d5580000)
  object space 338432K, 43% used [0x0000000080000000,0x0000000089164e98,0x0000000094a80000)
 Metaspace       used 115160K, capacity 120490K, committed 120728K, reserved 1155072K
  class space    used 14688K, capacity 15702K, committed 15792K, reserved 1048576K
Event: 479.277 GC heap after
Heap after GC invocations=29 (full 4):
 PSYoungGen      total 410624K, used 92959K [0x00000000d5580000, 0x00000000f8700000, 0x0000000100000000)
  eden space 304640K, 0% used [0x00000000d5580000,0x00000000d5580000,0x00000000e7f00000)
  from space 105984K, 87% used [0x00000000e7f00000,0x00000000ed9c7e80,0x00000000ee680000)
  to   space 118272K, 0% used [0x00000000f1380000,0x00000000f1380000,0x00000000f8700000)
 ParOldGen       total 338432K, used 148883K [0x0000000080000000, 0x0000000094a80000, 0x00000000d5580000)
  object space 338432K, 43% used [0x0000000080000000,0x0000000089164e98,0x0000000094a80000)
 Metaspace       used 115160K, capacity 120490K, committed 120728K, reserved 1155072K
  class space    used 14688K, capacity 15702K, committed 15792K, reserved 1048576K
}
Event: 494.409 GC heap before
{Heap before GC invocations=30 (full 4):
 PSYoungGen      total 410624K, used 397599K [0x00000000d5580000, 0x00000000f8700000, 0x0000000100000000)
  eden space 304640K, 100% used [0x00000000d5580000,0x00000000e7f00000,0x00000000e7f00000)
  from space 105984K, 87% used [0x00000000e7f00000,0x00000000ed9c7e80,0x00000000ee680000)
  to   space 118272K, 0% used [0x00000000f1380000,0x00000000f1380000,0x00000000f8700000)
 ParOldGen       total 338432K, used 148883K [0x0000000080000000, 0x0000000094a80000, 0x00000000d5580000)
  object space 338432K, 43% used [0x0000000080000000,0x0000000089164e98,0x0000000094a80000)
 Metaspace       used 115353K, capacity 120674K, committed 120984K, reserved 1155072K
  class space    used 14693K, capacity 15710K, committed 15792K, reserved 1048576K
Event: 494.544 GC heap after
Heap after GC invocations=30 (full 4):
 PSYoungGen      total 446464K, used 61207K [0x00000000d5580000, 0x00000000f8000000, 0x0000000100000000)
  eden space 335360K, 0% used [0x00000000d5580000,0x00000000d5580000,0x00000000e9d00000)
  from space 111104K, 55% used [0x00000000f1380000,0x00000000f4f45fb0,0x00000000f8000000)
  to   space 116224K, 0% used [0x00000000e9d00000,0x00000000e9d00000,0x00000000f0e80000)
 ParOldGen       total 338432K, used 148883K [0x0000000080000000, 0x0000000094a80000, 0x00000000d5580000)
  object space 338432K, 43% used [0x0000000080000000,0x0000000089164e98,0x0000000094a80000)
 Metaspace       used 115353K, capacity 120674K, committed 120984K, reserved 1155072K
  class space    used 14693K, capacity 15710K, committed 15792K, reserved 1048576K
}
Event: 511.555 GC heap before
{Heap before GC invocations=31 (full 4):
 PSYoungGen      total 446464K, used 396567K [0x00000000d5580000, 0x00000000f8000000, 0x0000000100000000)
  eden space 335360K, 100% used [0x00000000d5580000,0x00000000e9d00000,0x00000000e9d00000)
  from space 111104K, 55% used [0x00000000f1380000,0x00000000f4f45fb0,0x00000000f8000000)
  to   space 116224K, 0% used [0x00000000e9d00000,0x00000000e9d00000,0x00000000f0e80000)
 ParOldGen       total 338432K, used 148883K [0x0000000080000000, 0x0000000094a80000, 0x00000000d5580000)
  object space 338432K, 43% used [0x0000000080000000,0x0000000089164e98,0x0000000094a80000)
 Metaspace       used 123051K, capacity 128574K, committed 128792K, reserved 1161216K
  class space    used 15547K, capacity 16586K, committed 16688K, reserved 1048576K
Event: 511.903 GC heap after
Heap after GC invocations=31 (full 4):
 PSYoungGen      total 451584K, used 116219K [0x00000000d5580000, 0x00000000fda00000, 0x0000000100000000)
  eden space 335360K, 0% used [0x00000000d5580000,0x00000000d5580000,0x00000000e9d00000)
  from space 116224K, 99% used [0x00000000e9d00000,0x00000000f0e7eff8,0x00000000f0e80000)
  to   space 145408K, 0% used [0x00000000f4c00000,0x00000000f4c00000,0x00000000fda00000)
 ParOldGen       total 338432K, used 179452K [0x0000000080000000, 0x0000000094a80000, 0x00000000d5580000)
  object space 338432K, 53% used [0x0000000080000000,0x000000008af3f120,0x0000000094a80000)
 Metaspace       used 123051K, capacity 128574K, committed 128792K, reserved 1161216K
  class space    used 15547K, capacity 16586K, committed 16688K, reserved 1048576K
}
Event: 515.727 GC heap before
{Heap before GC invocations=32 (full 4):
 PSYoungGen      total 451584K, used 451579K [0x00000000d5580000, 0x00000000fda00000, 0x0000000100000000)
  eden space 335360K, 100% used [0x00000000d5580000,0x00000000e9d00000,0x00000000e9d00000)
  from space 116224K, 99% used [0x00000000e9d00000,0x00000000f0e7eff8,0x00000000f0e80000)
  to   space 145408K, 0% used [0x00000000f4c00000,0x00000000f4c00000,0x00000000fda00000)
 ParOldGen       total 338432K, used 179452K [0x0000000080000000, 0x0000000094a80000, 0x00000000d5580000)
  object space 338432K, 53% used [0x0000000080000000,0x000000008af3f120,0x0000000094a80000)
 Metaspace       used 124002K, capacity 129570K, committed 129816K, reserved 1163264K
  class space    used 15630K, capacity 16658K, committed 16688K, reserved 1048576K
Event: 516.002 GC heap after
Heap after GC invocations=32 (full 4):
 PSYoungGen      total 493056K, used 140073K [0x00000000d5580000, 0x0000000100000000, 0x0000000100000000)
  eden space 347648K, 0% used [0x00000000d5580000,0x00000000d5580000,0x00000000ea900000)
  from space 145408K, 96% used [0x00000000f4c00000,0x00000000fd4ca438,0x00000000fda00000)
  to   space 166912K, 0% used [0x00000000ea900000,0x00000000ea900000,0x00000000f4c00000)
 ParOldGen       total 338432K, used 179460K [0x0000000080000000, 0x0000000094a80000, 0x00000000d5580000)
  object space 338432K, 53% used [0x0000000080000000,0x000000008af41120,0x0000000094a80000)
 Metaspace       used 124002K, capacity 129570K, committed 129816K, reserved 1163264K
  class space    used 15630K, capacity 16658K, committed 16688K, reserved 1048576K
}
Event: 523.501 GC heap before
{Heap before GC invocations=33 (full 4):
 PSYoungGen      total 493056K, used 487721K [0x00000000d5580000, 0x0000000100000000, 0x0000000100000000)
  eden space 347648K, 100% used [0x00000000d5580000,0x00000000ea900000,0x00000000ea900000)
  from space 145408K, 96% used [0x00000000f4c00000,0x00000000fd4ca438,0x00000000fda00000)
  to   space 166912K, 0% used [0x00000000ea900000,0x00000000ea900000,0x00000000f4c00000)
 ParOldGen       total 338432K, used 179460K [0x0000000080000000, 0x0000000094a80000, 0x00000000d5580000)
  object space 338432K, 53% used [0x0000000080000000,0x000000008af41120,0x0000000094a80000)
 Metaspace       used 124608K, capacity 130228K, committed 130456K, reserved 1163264K
  class space    used 15675K, capacity 16769K, committed 16816K, reserved 1048576K
Event: 523.699 GC heap after
Heap after GC invocations=33 (full 4):
 PSYoungGen      total 514560K, used 97282K [0x00000000d5580000, 0x0000000100000000, 0x0000000100000000)
  eden space 347648K, 0% used [0x00000000d5580000,0x00000000d5580000,0x00000000ea900000)
  from space 166912K, 58% used [0x00000000ea900000,0x00000000f0800888,0x00000000f4c00000)
  to   space 167936K, 0% used [0x00000000f5c00000,0x00000000f5c00000,0x0000000100000000)
 ParOldGen       total 338432K, used 179468K [0x0000000080000000, 0x0000000094a80000, 0x00000000d5580000)
  object space 338432K, 53% used [0x0000000080000000,0x000000008af43120,0x0000000094a80000)
 Metaspace       used 124608K, capacity 130228K, committed 130456K, reserved 1163264K
  class space    used 15675K, capacity 16769K, committed 16816K, reserved 1048576K
}

