# JRE version: OpenJDK Runtime Environment (8.0_242-b01) (build 1.8.0_242-release-1644-b01)
# Java VM: OpenJDK 64-Bit Server VM (25.242-b01 mixed mode windows-amd64 compressed oops)
Heap:
 PSYoungGen      total 113152K, used 40724K [0x00000000d5580000, 0x00000000dcf80000, 0x0000000100000000)
  eden space 101376K, 34% used [0x00000000d5580000,0x00000000d77864e0,0x00000000db880000)
  from space 11776K, 49% used [0x00000000db880000,0x00000000dbe3ec78,0x00000000dc400000)
  to   space 10752K, 0% used [0x00000000dc500000,0x00000000dc500000,0x00000000dcf80000)
 ParOldGen       total 65536K, used 15185K [0x0000000080000000, 0x0000000084000000, 0x00000000d5580000)
  object space 65536K, 23% used [0x0000000080000000,0x0000000080ed4510,0x0000000084000000)
 Metaspace       used 39235K, capacity 41038K, committed 41128K, reserved 1085440K
  class space    used 5399K, capacity 5773K, committed 5808K, reserved 1048576K
GC Heap History (10 events):
Event: 9.341 GC heap before
{Heap before GC invocations=9 (full 1):
 PSYoungGen      total 76800K, used 66048K [0x00000000d5580000, 0x00000000dab80000, 0x0000000100000000)
  eden space 66048K, 100% used [0x00000000d5580000,0x00000000d9600000,0x00000000d9600000)
  from space 10752K, 0% used [0x00000000d9600000,0x00000000d9600000,0x00000000da080000)
  to   space 10240K, 0% used [0x00000000da080000,0x00000000da080000,0x00000000daa80000)
 ParOldGen       total 46080K, used 6614K [0x0000000080000000, 0x0000000082d00000, 0x00000000d5580000)
  object space 46080K, 14% used [0x0000000080000000,0x0000000080675b88,0x0000000082d00000)
 Metaspace       used 28812K, capacity 29618K, committed 29872K, reserved 1075200K
  class space    used 3989K, capacity 4225K, committed 4272K, reserved 1048576K
Event: 9.351 GC heap after
Heap after GC invocations=9 (full 1):
 PSYoungGen      total 75776K, used 8558K [0x00000000d5580000, 0x00000000de880000, 0x0000000100000000)
  eden space 65536K, 0% used [0x00000000d5580000,0x00000000d5580000,0x00000000d9580000)
  from space 10240K, 83% used [0x00000000da080000,0x00000000da8db910,0x00000000daa80000)
  to   space 11264K, 0% used [0x00000000d9580000,0x00000000d9580000,0x00000000da080000)
 ParOldGen       total 46080K, used 6622K [0x0000000080000000, 0x0000000082d00000, 0x00000000d5580000)
  object space 46080K, 14% used [0x0000000080000000,0x0000000080677b88,0x0000000082d00000)
 Metaspace       used 28812K, capacity 29618K, committed 29872K, reserved 1075200K
  class space    used 3989K, capacity 4225K, committed 4272K, reserved 1048576K
}
Event: 10.639 GC heap before
{Heap before GC invocations=10 (full 1):
 PSYoungGen      total 75776K, used 74094K [0x00000000d5580000, 0x00000000de880000, 0x0000000100000000)
  eden space 65536K, 100% used [0x00000000d5580000,0x00000000d9580000,0x00000000d9580000)
  from space 10240K, 83% used [0x00000000da080000,0x00000000da8db910,0x00000000daa80000)
  to   space 11264K, 0% used [0x00000000d9580000,0x00000000d9580000,0x00000000da080000)
 ParOldGen       total 46080K, used 6622K [0x0000000080000000, 0x0000000082d00000, 0x00000000d5580000)
  object space 46080K, 14% used [0x0000000080000000,0x0000000080677b88,0x0000000082d00000)
 Metaspace       used 32806K, capacity 33858K, committed 33968K, reserved 1079296K
  class space    used 4482K, capacity 4751K, committed 4784K, reserved 1048576K
Event: 10.669 GC heap after
Heap after GC invocations=10 (full 1):
 PSYoungGen      total 76800K, used 9470K [0x00000000d5580000, 0x00000000dd100000, 0x0000000100000000)
  eden space 65536K, 0% used [0x00000000d5580000,0x00000000d5580000,0x00000000d9580000)
  from space 11264K, 84% used [0x00000000d9580000,0x00000000d9ebf898,0x00000000da080000)
  to   space 12288K, 0% used [0x00000000dc500000,0x00000000dc500000,0x00000000dd100000)
 ParOldGen       total 46080K, used 6630K [0x0000000080000000, 0x0000000082d00000, 0x00000000d5580000)
  object space 46080K, 14% used [0x0000000080000000,0x0000000080679b88,0x0000000082d00000)
 Metaspace       used 32806K, capacity 33858K, committed 33968K, reserved 1079296K
  class space    used 4482K, capacity 4751K, committed 4784K, reserved 1048576K
}
Event: 11.256 GC heap before
{Heap before GC invocations=11 (full 1):
 PSYoungGen      total 76800K, used 41191K [0x00000000d5580000, 0x00000000dd100000, 0x0000000100000000)
  eden space 65536K, 48% used [0x00000000d5580000,0x00000000d747a4a8,0x00000000d9580000)
  from space 11264K, 84% used [0x00000000d9580000,0x00000000d9ebf898,0x00000000da080000)
  to   space 12288K, 0% used [0x00000000dc500000,0x00000000dc500000,0x00000000dd100000)
 ParOldGen       total 46080K, used 6630K [0x0000000080000000, 0x0000000082d00000, 0x00000000d5580000)
  object space 46080K, 14% used [0x0000000080000000,0x0000000080679b88,0x0000000082d00000)
 Metaspace       used 34323K, capacity 35412K, committed 35496K, reserved 1079296K
  class space    used 4724K, capacity 5003K, committed 5040K, reserved 1048576K
Event: 11.279 GC heap after
Heap after GC invocations=11 (full 1):
 PSYoungGen      total 112128K, used 5531K [0x00000000d5580000, 0x00000000dcf80000, 0x0000000100000000)
  eden space 101376K, 0% used [0x00000000d5580000,0x00000000d5580000,0x00000000db880000)
  from space 10752K, 51% used [0x00000000dc500000,0x00000000dca66d88,0x00000000dcf80000)
  to   space 11776K, 0% used [0x00000000db880000,0x00000000db880000,0x00000000dc400000)
 ParOldGen       total 46080K, used 9912K [0x0000000080000000, 0x0000000082d00000, 0x00000000d5580000)
  object space 46080K, 21% used [0x0000000080000000,0x00000000809ae190,0x0000000082d00000)
 Metaspace       used 34323K, capacity 35412K, committed 35496K, reserved 1079296K
  class space    used 4724K, capacity 5003K, committed 5040K, reserved 1048576K
}
Event: 11.279 GC heap before
{Heap before GC invocations=12 (full 2):
 PSYoungGen      total 112128K, used 5531K [0x00000000d5580000, 0x00000000dcf80000, 0x0000000100000000)
  eden space 101376K, 0% used [0x00000000d5580000,0x00000000d5580000,0x00000000db880000)
  from space 10752K, 51% used [0x00000000dc500000,0x00000000dca66d88,0x00000000dcf80000)
  to   space 11776K, 0% used [0x00000000db880000,0x00000000db880000,0x00000000dc400000)
 ParOldGen       total 46080K, used 9912K [0x0000000080000000, 0x0000000082d00000, 0x00000000d5580000)
  object space 46080K, 21% used [0x0000000080000000,0x00000000809ae190,0x0000000082d00000)
 Metaspace       used 34323K, capacity 35412K, committed 35496K, reserved 1079296K
  class space    used 4724K, capacity 5003K, committed 5040K, reserved 1048576K
Event: 11.498 GC heap after
Heap after GC invocations=12 (full 2):
 PSYoungGen      total 112128K, used 0K [0x00000000d5580000, 0x00000000dcf80000, 0x0000000100000000)
  eden space 101376K, 0% used [0x00000000d5580000,0x00000000d5580000,0x00000000db880000)
  from space 10752K, 0% used [0x00000000dc500000,0x00000000dc500000,0x00000000dcf80000)
  to   space 11776K, 0% used [0x00000000db880000,0x00000000db880000,0x00000000dc400000)
 ParOldGen       total 65536K, used 15177K [0x0000000080000000, 0x0000000084000000, 0x00000000d5580000)
  object space 65536K, 23% used [0x0000000080000000,0x0000000080ed2510,0x0000000084000000)
 Metaspace       used 34323K, capacity 35412K, committed 35496K, reserved 1079296K
  class space    used 4724K, capacity 5003K, committed 5040K, reserved 1048576K
}
Event: 13.195 GC heap before
{Heap before GC invocations=13 (full 2):
 PSYoungGen      total 112128K, used 101376K [0x00000000d5580000, 0x00000000dcf80000, 0x0000000100000000)
  eden space 101376K, 100% used [0x00000000d5580000,0x00000000db880000,0x00000000db880000)
  from space 10752K, 0% used [0x00000000dc500000,0x00000000dc500000,0x00000000dcf80000)
  to   space 11776K, 0% used [0x00000000db880000,0x00000000db880000,0x00000000dc400000)
 ParOldGen       total 65536K, used 15177K [0x0000000080000000, 0x0000000084000000, 0x00000000d5580000)
  object space 65536K, 23% used [0x0000000080000000,0x0000000080ed2510,0x0000000084000000)
 Metaspace       used 36512K, capacity 38056K, committed 38184K, reserved 1081344K
  class space    used 5005K, capacity 5303K, committed 5424K, reserved 1048576K
Event: 13.211 GC heap after
Heap after GC invocations=13 (full 2):
 PSYoungGen      total 113152K, used 5883K [0x00000000d5580000, 0x00000000dcf80000, 0x0000000100000000)
  eden space 101376K, 0% used [0x00000000d5580000,0x00000000d5580000,0x00000000db880000)
  from space 11776K, 49% used [0x00000000db880000,0x00000000dbe3ec78,0x00000000dc400000)
  to   space 10752K, 0% used [0x00000000dc500000,0x00000000dc500000,0x00000000dcf80000)
 ParOldGen       total 65536K, used 15185K [0x0000000080000000, 0x0000000084000000, 0x00000000d5580000)
  object space 65536K, 23% used [0x0000000080000000,0x0000000080ed4510,0x0000000084000000)
 Metaspace       used 36512K, capacity 38056K, committed 38184K, reserved 1081344K
  class space    used 5005K, capacity 5303K, committed 5424K, reserved 1048576K
}

