# JRE version: OpenJDK Runtime Environment (8.0_242-b01) (build 1.8.0_242-release-1644-b01)
# Java VM: OpenJDK 64-Bit Server VM (25.242-b01 mixed mode windows-amd64 compressed oops)
Heap:
 PSYoungGen      total 110592K, used 7578K [0x00000000d5580000, 0x00000000dcd80000, 0x0000000100000000)
  eden space 98304K, 7% used [0x00000000d5580000,0x00000000d5ce6998,0x00000000db580000)
  from space 12288K, 0% used [0x00000000db580000,0x00000000db580000,0x00000000dc180000)
  to   space 11776K, 0% used [0x00000000dc180000,0x00000000dc180000,0x00000000dcd00000)
 ParOldGen       total 59392K, used 13928K [0x0000000080000000, 0x0000000083a00000, 0x00000000d5580000)
  object space 59392K, 23% used [0x0000000080000000,0x0000000080d9a138,0x0000000083a00000)
 Metaspace       used 34734K, capacity 35846K, committed 36136K, reserved 1081344K
  class space    used 4768K, capacity 5042K, committed 5168K, reserved 1048576K
GC Heap History (10 events):
Event: 30.997 GC heap before
{Heap before GC invocations=9 (full 1):
 PSYoungGen      total 43008K, used 32256K [0x00000000d5580000, 0x00000000da980000, 0x0000000100000000)
  eden space 32256K, 100% used [0x00000000d5580000,0x00000000d7500000,0x00000000d7500000)
  from space 10752K, 0% used [0x00000000d7500000,0x00000000d7500000,0x00000000d7f80000)
  to   space 10752K, 0% used [0x00000000d9f00000,0x00000000d9f00000,0x00000000da980000)
 ParOldGen       total 45568K, used 6654K [0x0000000080000000, 0x0000000082c80000, 0x00000000d5580000)
  object space 45568K, 14% used [0x0000000080000000,0x000000008067f9e0,0x0000000082c80000)
 Metaspace       used 22907K, capacity 23656K, committed 23728K, reserved 1069056K
  class space    used 3251K, capacity 3444K, committed 3504K, reserved 1048576K
Event: 31.023 GC heap after
Heap after GC invocations=9 (full 1):
 PSYoungGen      total 72192K, used 3021K [0x00000000d5580000, 0x00000000da800000, 0x0000000100000000)
  eden space 62976K, 0% used [0x00000000d5580000,0x00000000d5580000,0x00000000d9300000)
  from space 9216K, 32% used [0x00000000d9f00000,0x00000000da1f3638,0x00000000da800000)
  to   space 10752K, 0% used [0x00000000d9300000,0x00000000d9300000,0x00000000d9d80000)
 ParOldGen       total 45568K, used 6662K [0x0000000080000000, 0x0000000082c80000, 0x00000000d5580000)
  object space 45568K, 14% used [0x0000000080000000,0x00000000806819e0,0x0000000082c80000)
 Metaspace       used 22907K, capacity 23656K, committed 23728K, reserved 1069056K
  class space    used 3251K, capacity 3444K, committed 3504K, reserved 1048576K
}
Event: 34.131 GC heap before
{Heap before GC invocations=10 (full 1):
 PSYoungGen      total 72192K, used 65997K [0x00000000d5580000, 0x00000000da800000, 0x0000000100000000)
  eden space 62976K, 100% used [0x00000000d5580000,0x00000000d9300000,0x00000000d9300000)
  from space 9216K, 32% used [0x00000000d9f00000,0x00000000da1f3638,0x00000000da800000)
  to   space 10752K, 0% used [0x00000000d9300000,0x00000000d9300000,0x00000000d9d80000)
 ParOldGen       total 45568K, used 6662K [0x0000000080000000, 0x0000000082c80000, 0x00000000d5580000)
  object space 45568K, 14% used [0x0000000080000000,0x00000000806819e0,0x0000000082c80000)
 Metaspace       used 31377K, capacity 32310K, committed 32432K, reserved 1077248K
  class space    used 4249K, capacity 4468K, committed 4528K, reserved 1048576K
Event: 34.158 GC heap after
Heap after GC invocations=10 (full 1):
 PSYoungGen      total 73728K, used 9352K [0x00000000d5580000, 0x00000000dcd00000, 0x0000000100000000)
  eden space 62976K, 0% used [0x00000000d5580000,0x00000000d5580000,0x00000000d9300000)
  from space 10752K, 86% used [0x00000000d9300000,0x00000000d9c22298,0x00000000d9d80000)
  to   space 11776K, 0% used [0x00000000dc180000,0x00000000dc180000,0x00000000dcd00000)
 ParOldGen       total 45568K, used 6670K [0x0000000080000000, 0x0000000082c80000, 0x00000000d5580000)
  object space 45568K, 14% used [0x0000000080000000,0x00000000806839e0,0x0000000082c80000)
 Metaspace       used 31377K, capacity 32310K, committed 32432K, reserved 1077248K
  class space    used 4249K, capacity 4468K, committed 4528K, reserved 1048576K
}
Event: 35.396 GC heap before
{Heap before GC invocations=11 (full 1):
 PSYoungGen      total 73728K, used 72328K [0x00000000d5580000, 0x00000000dcd00000, 0x0000000100000000)
  eden space 62976K, 100% used [0x00000000d5580000,0x00000000d9300000,0x00000000d9300000)
  from space 10752K, 86% used [0x00000000d9300000,0x00000000d9c22298,0x00000000d9d80000)
  to   space 11776K, 0% used [0x00000000dc180000,0x00000000dc180000,0x00000000dcd00000)
 ParOldGen       total 45568K, used 6670K [0x0000000080000000, 0x0000000082c80000, 0x00000000d5580000)
  object space 45568K, 14% used [0x0000000080000000,0x00000000806839e0,0x0000000082c80000)
 Metaspace       used 34285K, capacity 35410K, committed 35496K, reserved 1079296K
  class space    used 4709K, capacity 5002K, committed 5040K, reserved 1048576K
Event: 35.422 GC heap after
Heap after GC invocations=11 (full 1):
 PSYoungGen      total 110080K, used 9197K [0x00000000d5580000, 0x00000000dcd80000, 0x0000000100000000)
  eden space 98304K, 0% used [0x00000000d5580000,0x00000000d5580000,0x00000000db580000)
  from space 11776K, 78% used [0x00000000dc180000,0x00000000dca7b640,0x00000000dcd00000)
  to   space 12288K, 0% used [0x00000000db580000,0x00000000db580000,0x00000000dc180000)
 ParOldGen       total 45568K, used 7450K [0x0000000080000000, 0x0000000082c80000, 0x00000000d5580000)
  object space 45568K, 16% used [0x0000000080000000,0x0000000080746b58,0x0000000082c80000)
 Metaspace       used 34285K, capacity 35410K, committed 35496K, reserved 1079296K
  class space    used 4709K, capacity 5002K, committed 5040K, reserved 1048576K
}
Event: 35.436 GC heap before
{Heap before GC invocations=12 (full 1):
 PSYoungGen      total 110080K, used 11117K [0x00000000d5580000, 0x00000000dcd80000, 0x0000000100000000)
  eden space 98304K, 1% used [0x00000000d5580000,0x00000000d575ff40,0x00000000db580000)
  from space 11776K, 78% used [0x00000000dc180000,0x00000000dca7b640,0x00000000dcd00000)
  to   space 12288K, 0% used [0x00000000db580000,0x00000000db580000,0x00000000dc180000)
 ParOldGen       total 45568K, used 7450K [0x0000000080000000, 0x0000000082c80000, 0x00000000d5580000)
  object space 45568K, 16% used [0x0000000080000000,0x0000000080746b58,0x0000000082c80000)
 Metaspace       used 34322K, capacity 35410K, committed 35496K, reserved 1079296K
  class space    used 4714K, capacity 5002K, committed 5040K, reserved 1048576K
Event: 35.453 GC heap after
Heap after GC invocations=12 (full 1):
 PSYoungGen      total 110592K, used 160K [0x00000000d5580000, 0x00000000dcd80000, 0x0000000100000000)
  eden space 98304K, 0% used [0x00000000d5580000,0x00000000d5580000,0x00000000db580000)
  from space 12288K, 1% used [0x00000000db580000,0x00000000db5a8000,0x00000000dc180000)
  to   space 11776K, 0% used [0x00000000dc180000,0x00000000dc180000,0x00000000dcd00000)
 ParOldGen       total 45568K, used 14070K [0x0000000080000000, 0x0000000082c80000, 0x00000000d5580000)
  object space 45568K, 30% used [0x0000000080000000,0x0000000080dbda88,0x0000000082c80000)
 Metaspace       used 34322K, capacity 35410K, committed 35496K, reserved 1079296K
  class space    used 4714K, capacity 5002K, committed 5040K, reserved 1048576K
}
Event: 35.454 GC heap before
{Heap before GC invocations=13 (full 2):
 PSYoungGen      total 110592K, used 160K [0x00000000d5580000, 0x00000000dcd80000, 0x0000000100000000)
  eden space 98304K, 0% used [0x00000000d5580000,0x00000000d5580000,0x00000000db580000)
  from space 12288K, 1% used [0x00000000db580000,0x00000000db5a8000,0x00000000dc180000)
  to   space 11776K, 0% used [0x00000000dc180000,0x00000000dc180000,0x00000000dcd00000)
 ParOldGen       total 45568K, used 14070K [0x0000000080000000, 0x0000000082c80000, 0x00000000d5580000)
  object space 45568K, 30% used [0x0000000080000000,0x0000000080dbda88,0x0000000082c80000)
 Metaspace       used 34322K, capacity 35410K, committed 35496K, reserved 1079296K
  class space    used 4714K, capacity 5002K, committed 5040K, reserved 1048576K
Event: 35.736 GC heap after
Heap after GC invocations=13 (full 2):
 PSYoungGen      total 110592K, used 0K [0x00000000d5580000, 0x00000000dcd80000, 0x0000000100000000)
  eden space 98304K, 0% used [0x00000000d5580000,0x00000000d5580000,0x00000000db580000)
  from space 12288K, 0% used [0x00000000db580000,0x00000000db580000,0x00000000dc180000)
  to   space 11776K, 0% used [0x00000000dc180000,0x00000000dc180000,0x00000000dcd00000)
 ParOldGen       total 59392K, used 13928K [0x0000000080000000, 0x0000000083a00000, 0x00000000d5580000)
  object space 59392K, 23% used [0x0000000080000000,0x0000000080d9a138,0x0000000083a00000)
 Metaspace       used 34322K, capacity 35410K, committed 35496K, reserved 1079296K
  class space    used 4714K, capacity 5002K, committed 5040K, reserved 1048576K
}

